{
  "RSpec": {
    "coverage": {
    },
    "timestamp": 1530757635
  },
  "MiniTest": {
    "coverage": {
      "/Users/carlos.agullo/code/my_patients-api/config/environment.rb": [
        null,
        1,
        null,
        null,
        1
      ],
      "/Users/carlos.agullo/code/my_patients-api/config/environments/test.rb": [
        1,
        null,
        null,
        null,
        null,
        null,
        null,
        1,
        null,
        null,
        null,
        null,
        1,
        null,
        null,
        1,
        1,
        null,
        null,
        null,
        null,
        1,
        1,
        null,
        null,
        1,
        null,
        null,
        1,
        1,
        null,
        null,
        null,
        null,
        1,
        null,
        null,
        1,
        null,
        null,
        null,
        null
      ],
      "/Users/carlos.agullo/code/my_patients-api/config/initializers/application_controller_renderer.rb": [
        null,
        null,
        null,
        null,
        null,
        null,
        null,
        null
      ],
      "/Users/carlos.agullo/code/my_patients-api/config/initializers/backtrace_silencers.rb": [
        null,
        null,
        null,
        null,
        null,
        null,
        null
      ],
      "/Users/carlos.agullo/code/my_patients-api/config/initializers/cors.rb": [
        null,
        null,
        null,
        null,
        null,
        null,
        null,
        null,
        null,
        null,
        null,
        null,
        null,
        null,
        null,
        null
      ],
      "/Users/carlos.agullo/code/my_patients-api/config/initializers/filter_parameter_logging.rb": [
        null,
        null,
        null,
        1
      ],
      "/Users/carlos.agullo/code/my_patients-api/config/initializers/inflections.rb": [
        null,
        null,
        null,
        null,
        null,
        null,
        null,
        null,
        null,
        null,
        null,
        null,
        null,
        null,
        null,
        null
      ],
      "/Users/carlos.agullo/code/my_patients-api/config/initializers/mime_types.rb": [
        null,
        null,
        null,
        null
      ],
      "/Users/carlos.agullo/code/my_patients-api/config/initializers/wrap_parameters.rb": [
        null,
        null,
        null,
        null,
        null,
        null,
        1,
        0,
        null,
        null,
        null,
        null,
        null,
        null
      ],
      "/Users/carlos.agullo/code/my_patients-api/test/factories/patient.rb": [
        1,
        1,
        1,
        1,
        1,
        1,
        1,
        1,
        null,
        null
      ],
      "/Users/carlos.agullo/code/my_patients-api/config/routes.rb": [
        1,
        null,
        null
      ]
    },
    "timestamp": 1530761443
  }
}
